c:\users\vmitr\google drive\source\csgo\meme.ipdb
c:\users\vmitr\google drive\source\csgo\meme.iobj
c:\users\vmitr\google drive\source\csgo\blaxed\release\cbaseentity.obj
c:\users\vmitr\google drive\source\csgo\blaxed\release\checksum.obj
c:\users\vmitr\google drive\source\csgo\blaxed\release\directx.obj
c:\users\vmitr\google drive\source\csgo\blaxed\release\fireeventclientside.obj
c:\users\vmitr\google drive\source\csgo\blaxed\release\hudindicators.obj
c:\users\vmitr\google drive\source\csgo\blaxed\release\menuv2.obj
c:\users\vmitr\google drive\source\csgo\blaxed\release\prediction.obj
c:\users\vmitr\google drive\source\csgo\blaxed\release\spreadcrosshair.obj
c:\users\vmitr\google drive\source\csgo\blaxed\release\bunnyhop.obj
c:\users\vmitr\google drive\source\csgo\blaxed\release\damageesp.obj
c:\users\vmitr\google drive\source\csgo\blaxed\release\fakelag.obj
c:\users\vmitr\google drive\source\csgo\blaxed\release\hooks.obj
c:\users\vmitr\google drive\source\csgo\blaxed\release\namestealer.obj
c:\users\vmitr\google drive\source\csgo\blaxed\release\playsound.obj
c:\users\vmitr\google drive\source\csgo\blaxed\release\spoofedconvar.obj
c:\users\vmitr\google drive\source\csgo\blaxed\release\antiaimv2.obj
c:\users\vmitr\google drive\source\csgo\blaxed\release\createmove.obj
c:\users\vmitr\google drive\source\csgo\blaxed\release\firebullets.obj
c:\users\vmitr\google drive\source\csgo\blaxed\release\hitmarkers.obj
c:\users\vmitr\google drive\source\csgo\blaxed\release\mainthread.obj
c:\users\vmitr\google drive\source\csgo\blaxed\release\novisualrecoil.obj
c:\users\vmitr\google drive\source\csgo\blaxed\release\rebuildgamemovement.obj
c:\users\vmitr\google drive\source\csgo\blaxed\release\utlstring.obj
c:\users\vmitr\google drive\source\csgo\blaxed\release\aimbotrecode.obj
c:\users\vmitr\google drive\source\csgo\blaxed\release\dllmain.obj
c:\users\vmitr\google drive\source\csgo\blaxed\release\framestagenotify.obj
c:\users\vmitr\google drive\source\csgo\blaxed\release\imgui_dx9.obj
c:\users\vmitr\google drive\source\csgo\blaxed\release\imgui.obj
c:\users\vmitr\google drive\source\csgo\blaxed\release\imgui_draw.obj
c:\users\vmitr\google drive\source\csgo\blaxed\release\isplayingtimedemo.obj
c:\users\vmitr\google drive\source\csgo\blaxed\release\overrideview.obj
c:\users\vmitr\google drive\source\csgo\blaxed\release\setupmove.obj
c:\users\vmitr\google drive\source\csgo\blaxed\release\writeusercmddeltatobuffer.obj
c:\users\vmitr\google drive\source\csgo\blaxed\release\autowall.obj
c:\users\vmitr\google drive\source\csgo\blaxed\release\convarspoofer.obj
c:\users\vmitr\google drive\source\csgo\blaxed\release\drawmodel.obj
c:\users\vmitr\google drive\source\csgo\blaxed\release\grenadeprediction.obj
c:\users\vmitr\google drive\source\csgo\blaxed\release\interfaces.obj
c:\users\vmitr\google drive\source\csgo\blaxed\release\norecoil.obj
c:\users\vmitr\google drive\source\csgo\blaxed\release\sceneend.obj
c:\users\vmitr\google drive\source\csgo\blaxed\release\vmatrix.obj
c:\users\vmitr\google drive\source\csgo\blaxed\release\aarec.obj
c:\users\vmitr\google drive\source\csgo\blaxed\release\chams.obj
c:\users\vmitr\google drive\source\csgo\blaxed\release\draw.obj
c:\users\vmitr\google drive\source\csgo\blaxed\release\gameevents.obj
c:\users\vmitr\google drive\source\csgo\blaxed\release\inprediction.obj
c:\users\vmitr\google drive\source\csgo\blaxed\release\nightmode.obj
c:\users\vmitr\google drive\source\csgo\blaxed\release\resolverv2.obj
c:\users\vmitr\google drive\source\csgo\blaxed\release\viewantiaim.obj
c:\users\vmitr\google drive\source\csgo\blaxed\release\animatedclantag.obj
c:\users\vmitr\google drive\source\csgo\blaxed\release\configs.obj
c:\users\vmitr\google drive\source\csgo\blaxed\release\esp.obj
c:\users\vmitr\google drive\source\csgo\blaxed\release\imaterialsystem.obj
c:\users\vmitr\google drive\source\csgo\blaxed\release\math.obj
c:\users\vmitr\google drive\source\csgo\blaxed\release\net_setconvar.obj
c:\users\vmitr\google drive\source\csgo\blaxed\release\predictionsystem.obj
c:\users\vmitr\google drive\source\csgo\blaxed\release\traceray.obj
c:\users\vmitr\google drive\source\csgo\blaxed\release\aimbotv2.obj
c:\users\vmitr\google drive\source\csgo\blaxed\release\convar.obj
c:\users\vmitr\google drive\source\csgo\blaxed\release\dopostscreenspaceeffects.obj
c:\users\vmitr\google drive\source\csgo\blaxed\release\global.obj
c:\users\vmitr\google drive\source\csgo\blaxed\release\lagcompensation.obj
c:\users\vmitr\google drive\source\csgo\blaxed\release\painttraverse.obj
c:\users\vmitr\google drive\source\csgo\blaxed\release\setupbones.obj
c:\users\vmitr\google drive\source\csgo\blaxed\release\wndproc.obj
c:\users\vmitr\google drive\source\csgo\blaxed\release\vc141.pdb
c:\users\vmitr\google drive\source\csgo\meme.dll
c:\users\vmitr\google drive\source\csgo\blaxed\release\luminusgo3.res
c:\users\vmitr\google drive\source\csgo\blaxed\..\meme.dll
c:\users\vmitr\google drive\source\csgo\blaxed\release\blaxed.tlog\blaxed.write.1u.tlog
c:\users\vmitr\google drive\source\csgo\blaxed\release\blaxed.tlog\cl.command.1.tlog
c:\users\vmitr\google drive\source\csgo\blaxed\release\blaxed.tlog\cl.read.1.tlog
c:\users\vmitr\google drive\source\csgo\blaxed\release\blaxed.tlog\cl.write.1.tlog
c:\users\vmitr\google drive\source\csgo\blaxed\release\blaxed.tlog\link.command.1.tlog
c:\users\vmitr\google drive\source\csgo\blaxed\release\blaxed.tlog\link.read.1.tlog
c:\users\vmitr\google drive\source\csgo\blaxed\release\blaxed.tlog\link.write.1.tlog
c:\users\vmitr\google drive\source\csgo\blaxed\release\blaxed.tlog\rc.command.1.tlog
c:\users\vmitr\google drive\source\csgo\blaxed\release\blaxed.tlog\rc.read.1.tlog
c:\users\vmitr\google drive\source\csgo\blaxed\release\blaxed.tlog\rc.write.1.tlog
